TN:
SF:C:\Users\lenovo\Documents\GitHub\Black-Technology\src\tostring.js
FN:10,sort
FN:18,(anonymous_1)
FN:26,(anonymous_2)
FN:41,getMaxOrMin
FN:49,(anonymous_4)
FNF:5
FNH:5
FNDA:8,sort
FNDA:8,(anonymous_1)
FNDA:26,(anonymous_2)
FNDA:14,getMaxOrMin
FNDA:13,(anonymous_4)
DA:11,8
DA:13,6
DA:14,5
DA:15,5
DA:16,5
DA:18,2
DA:19,8
DA:22,3
DA:25,5
DA:26,5
DA:27,26
DA:30,5
DA:31,5
DA:42,14
DA:43,13
DA:44,12
DA:45,11
DA:46,11
DA:47,11
DA:48,11
DA:49,7
DA:50,13
DA:53,4
DA:55,11
DA:56,2
DA:58,11
DA:59,6
DA:61,5
DA:64,11
DA:65,11
DA:69,1
DA:75,1
LF:32
LH:32
BRDA:11,0,0,2
BRDA:11,0,1,6
BRDA:13,1,0,1
BRDA:13,1,1,5
BRDA:15,2,0,5
BRDA:15,2,1,4
BRDA:16,3,0,2
BRDA:16,3,1,3
BRDA:25,4,0,1
BRDA:25,4,1,4
BRDA:42,5,0,1
BRDA:42,5,1,13
BRDA:43,6,0,1
BRDA:43,6,1,12
BRDA:44,7,0,1
BRDA:44,7,1,11
BRDA:46,8,0,11
BRDA:46,8,1,5
BRDA:48,9,0,7
BRDA:48,9,1,4
BRDA:55,10,0,2
BRDA:55,10,1,9
BRDA:58,11,0,6
BRDA:58,11,1,5
BRF:24
BRH:24
end_of_record
