TN:
SF:C:\Users\lenovo\Documents\GitHub\Black-Technology\src\pad.js
FN:11,pad
FNF:1
FNH:1
FNDA:5,pad
DA:12,5
DA:13,5
DA:14,5
DA:17,5
DA:20,5
DA:22,4
DA:23,1
DA:25,1
DA:29,4
DA:31,4
DA:33,9
DA:34,9
DA:35,9
DA:36,4
DA:39,4
DA:40,1
DA:42,3
DA:46,1
LF:18
LH:18
BRDA:20,0,0,1
BRDA:20,0,1,4
BRDA:22,1,0,1
BRDA:22,1,1,3
BRDA:22,2,0,4
BRDA:22,2,1,4
BRDA:33,3,0,6
BRDA:33,3,1,3
BRDA:35,4,0,5
BRDA:35,4,1,4
BRDA:39,5,0,1
BRDA:39,5,1,3
BRF:12
BRH:12
end_of_record
TN:
SF:C:\Users\lenovo\Documents\GitHub\Black-Technology\src\sqrt.js
FN:5,(anonymous_0)
FNF:1
FNH:1
FNDA:2,(anonymous_0)
DA:4,1
DA:6,2
DA:7,1
DA:11,1
LF:4
LH:4
BRDA:6,0,0,1
BRDA:6,0,1,1
BRF:2
BRH:2
end_of_record
TN:
SF:C:\Users\lenovo\Documents\GitHub\Black-Technology\src\tostring.js
FN:10,sort
FN:18,(anonymous_1)
FN:26,(anonymous_2)
FN:41,getMaxOrMin
FN:49,(anonymous_4)
FNF:5
FNH:5
FNDA:8,sort
FNDA:8,(anonymous_1)
FNDA:26,(anonymous_2)
FNDA:13,getMaxOrMin
FNDA:13,(anonymous_4)
DA:11,8
DA:13,6
DA:14,5
DA:15,5
DA:16,5
DA:18,2
DA:19,8
DA:22,3
DA:25,5
DA:26,5
DA:27,26
DA:30,5
DA:31,5
DA:42,13
DA:43,12
DA:44,11
DA:45,10
DA:46,10
DA:47,10
DA:48,10
DA:49,7
DA:50,13
DA:53,3
DA:55,10
DA:56,2
DA:58,10
DA:59,5
DA:61,5
DA:64,10
DA:65,10
DA:69,1
LF:31
LH:31
BRDA:11,0,0,2
BRDA:11,0,1,6
BRDA:13,1,0,1
BRDA:13,1,1,5
BRDA:15,2,0,5
BRDA:15,2,1,4
BRDA:16,3,0,2
BRDA:16,3,1,3
BRDA:25,4,0,1
BRDA:25,4,1,4
BRDA:42,5,0,1
BRDA:42,5,1,12
BRDA:43,6,0,1
BRDA:43,6,1,11
BRDA:44,7,0,1
BRDA:44,7,1,10
BRDA:46,8,0,10
BRDA:46,8,1,5
BRDA:48,9,0,7
BRDA:48,9,1,3
BRDA:55,10,0,2
BRDA:55,10,1,8
BRDA:58,11,0,5
BRDA:58,11,1,5
BRF:24
BRH:24
end_of_record
